<?xml version="1.0" encoding="UTF-8"?>
<!-- Generated by org.testng.reporters.JUnitXMLReporter -->
<testsuite ignored="0" hostname="DESKTOP-3L3U818" failures="0" tests="2" name="EdgeTest" time="8.456" errors="0" timestamp="2024-10-22T18:09:51 IST">
  <testcase classname="testScripts.TC001_AccountRegistrationPage" name="verify_account_registration" time="0.0">
    <skipped/>
  </testcase> <!-- verify_account_registration -->
  <testcase classname="testScripts.TC002_LoginPage" name="verifyLogin" time="0.001">
    <skipped/>
  </testcase> <!-- verifyLogin -->
</testsuite> <!-- EdgeTest -->
