<?xml version="1.0" encoding="UTF-8"?>
<!-- Generated by org.testng.reporters.JUnitXMLReporter -->
<testsuite ignored="1" hostname="DESKTOP-3L3U818" failures="1" tests="2" name="Test" time="34.453" errors="0" timestamp="2024-10-26T08:15:02 IST">
  <testcase classname="testScripts.TC001_AccountRegistrationPage" name="verify_account_registration" time="3.895"/>
  <testcase classname="testScripts.TC002_LoginPage" name="verifyLogin" time="12.315">
    <failure type="java.lang.AssertionError" message="Login Passed! expected [false] but found [true]">
      <![CDATA[java.lang.AssertionError: Login Passed! expected [false] but found [true]
at testScripts.TC002_LoginPage.verifyLogin(TC002_LoginPage.java:35)
at java.base/java.util.ArrayList.forEach(ArrayList.java:1596)
... Removed 31 stack frames]]>
    </failure>
  </testcase> <!-- verifyLogin -->
  <testcase classname="testScripts.TC003_LoginPage_DDT" name="verify_Login_DDT" time="0.0">
    <ignored/>
  </testcase> <!-- verify_Login_DDT -->
</testsuite> <!-- Test -->
