<?xml version="1.0" encoding="UTF-8"?>
<!-- Generated by org.testng.reporters.JUnitXMLReporter -->
<testsuite ignored="0" hostname="DESKTOP-3L3U818" failures="1" tests="2" name="Test" time="26.027" errors="0" timestamp="2024-10-21T18:32:31 IST">
  <testcase classname="testScripts.TC001_AccountRegistrationPage" name="verify_account_registration" time="3.318"/>
  <testcase classname="testScripts.TC002_LoginPage" name="verifyLogin" time="11.604">
    <failure type="java.lang.AssertionError" message="Login Failed! expected [false] but found [true]">
      <![CDATA[java.lang.AssertionError: Login Failed! expected [false] but found [true]
at testScripts.TC002_LoginPage.verifyLogin(TC002_LoginPage.java:32)
at java.base/java.util.ArrayList.forEach(ArrayList.java:1596)
... Removed 31 stack frames]]>
    </failure>
  </testcase> <!-- verifyLogin -->
</testsuite> <!-- Test -->
