<?xml version="1.0" encoding="UTF-8"?>
<testng-results ignored="0" total="2" passed="2" failed="0" skipped="0">
  <reporter-output>
  </reporter-output>
  <suite started-at="2024-10-26T22:49:09 IST" name="Master Suite" finished-at="2024-10-26T22:49:40 IST" duration-ms="30925">
    <groups>
      <group name="Master">
        <method signature="TC001_AccountRegistrationPage.verify_account_registration()[pri:0, instance:testScripts.TC001_AccountRegistrationPage@9f116cc]" name="verify_account_registration" class="testScripts.TC001_AccountRegistrationPage"/>
        <method signature="TC002_LoginPage.verifyLogin()[pri:0, instance:testScripts.TC002_LoginPage@2a798d51]" name="verifyLogin" class="testScripts.TC002_LoginPage"/>
      </group> <!-- Master -->
      <group name="Sanity">
        <method signature="TC001_AccountRegistrationPage.verify_account_registration()[pri:0, instance:testScripts.TC001_AccountRegistrationPage@9f116cc]" name="verify_account_registration" class="testScripts.TC001_AccountRegistrationPage"/>
        <method signature="TC002_LoginPage.verifyLogin()[pri:0, instance:testScripts.TC002_LoginPage@2a798d51]" name="verifyLogin" class="testScripts.TC002_LoginPage"/>
      </group> <!-- Sanity -->
      <group name="Regression">
        <method signature="TC002_LoginPage.verifyLogin()[pri:0, instance:testScripts.TC002_LoginPage@2a798d51]" name="verifyLogin" class="testScripts.TC002_LoginPage"/>
      </group> <!-- Regression -->
    </groups>
    <test started-at="2024-10-26T22:49:09 IST" name="Test" finished-at="2024-10-26T22:49:40 IST" duration-ms="30925">
      <class name="testScripts.TC002_LoginPage">
        <test-method is-config="true" signature="setup(java.lang.String,java.lang.String)[pri:0, instance:testScripts.TC002_LoginPage@2a798d51]" started-at="2024-10-26T22:49:29 IST" name="setup" finished-at="2024-10-26T22:49:35 IST" duration-ms="6446" status="PASS">
          <params>
            <param index="0">
              <value>
                <![CDATA[Windows]]>
              </value>
            </param>
            <param index="1">
              <value>
                <![CDATA[Chrome]]>
              </value>
            </param>
          </params>
          <reporter-output>
          </reporter-output>
        </test-method> <!-- setup -->
        <test-method signature="verifyLogin()[pri:0, instance:testScripts.TC002_LoginPage@2a798d51]" started-at="2024-10-26T22:49:35 IST" name="verifyLogin" finished-at="2024-10-26T22:49:39 IST" duration-ms="3670" status="PASS">
          <reporter-output>
          </reporter-output>
        </test-method> <!-- verifyLogin -->
        <test-method is-config="true" signature="tearDown()[pri:0, instance:testScripts.TC002_LoginPage@2a798d51]" started-at="2024-10-26T22:49:39 IST" name="tearDown" finished-at="2024-10-26T22:49:40 IST" duration-ms="941" status="PASS">
          <reporter-output>
          </reporter-output>
        </test-method> <!-- tearDown -->
      </class> <!-- testScripts.TC002_LoginPage -->
      <class name="testScripts.TC001_AccountRegistrationPage">
        <test-method is-config="true" signature="setup(java.lang.String,java.lang.String)[pri:0, instance:testScripts.TC001_AccountRegistrationPage@9f116cc]" started-at="2024-10-26T22:49:10 IST" name="setup" finished-at="2024-10-26T22:49:22 IST" duration-ms="11538" status="PASS">
          <params>
            <param index="0">
              <value>
                <![CDATA[Windows]]>
              </value>
            </param>
            <param index="1">
              <value>
                <![CDATA[Chrome]]>
              </value>
            </param>
          </params>
          <reporter-output>
          </reporter-output>
        </test-method> <!-- setup -->
        <test-method signature="verify_account_registration()[pri:0, instance:testScripts.TC001_AccountRegistrationPage@9f116cc]" started-at="2024-10-26T22:49:22 IST" name="verify_account_registration" finished-at="2024-10-26T22:49:29 IST" duration-ms="6799" status="PASS">
          <reporter-output>
          </reporter-output>
        </test-method> <!-- verify_account_registration -->
        <test-method is-config="true" signature="tearDown()[pri:0, instance:testScripts.TC001_AccountRegistrationPage@9f116cc]" started-at="2024-10-26T22:49:29 IST" name="tearDown" finished-at="2024-10-26T22:49:29 IST" duration-ms="457" status="PASS">
          <reporter-output>
          </reporter-output>
        </test-method> <!-- tearDown -->
      </class> <!-- testScripts.TC001_AccountRegistrationPage -->
    </test> <!-- Test -->
  </suite> <!-- Master Suite -->
</testng-results>
