<?xml version="1.0" encoding="UTF-8"?>
<testsuite xmlns:xsi="http://www.w3.org/2001/XMLSchema-instance" xsi:noNamespaceSchemaLocation="https://maven.apache.org/surefire/maven-surefire-plugin/xsd/surefire-test-report.xsd" version="3.0.2" name="TestSuite" time="35.996" tests="2" errors="0" skipped="0" failures="0">
  <properties>
[...]
</properties>
  <testcase name="verify_account_registration" classname="testScripts.TC001_AccountRegistrationPage" time="6.797">
    <system-out><![CDATA[22:49:19.480 INFO  - Browser window maximized
22:49:19.500 INFO  - Implicit wait set to 10 seconds
22:49:22.211 INFO  - Navigated to URL: https://tutorialsninja.com/demo
22:49:22.251 INFO  - TC001_AccountRegistrationPage Started!.....
22:49:22.411 INFO  - Clicking My Account.....
22:49:23.497 INFO  - Clicking Register......
22:49:26.058 INFO  - Entering FirstName.....
22:49:26.315 INFO  - Entering LastName.....
22:49:26.586 INFO  - Entering MailId.....
22:49:26.910 INFO  - Entering telephone number.....
22:49:27.215 INFO  - Entering password.....
22:49:27.503 INFO  - ReEnterning the password.....
22:49:27.692 INFO  - Clicking radioButton.....
22:49:27.935 INFO  - Privacy Policy clicking
22:49:28.906 INFO  - Clicking Continue
]]></system-out>
    <system-err><![CDATA[SLF4J: Class path contains multiple SLF4J bindings.
SLF4J: Found binding in [jar:file:/C:/Users/Abishekh/.m2/repository/org/slf4j/slf4j-simple/1.7.36/slf4j-simple-1.7.36.jar!/org/slf4j/impl/StaticLoggerBinder.class]
SLF4J: Found binding in [jar:file:/C:/Users/Abishekh/.m2/repository/org/apache/logging/log4j/log4j-slf4j-impl/2.17.2/log4j-slf4j-impl-2.17.2.jar!/org/slf4j/impl/StaticLoggerBinder.class]
SLF4J: See http://www.slf4j.org/codes.html#multiple_bindings for an explanation.
SLF4J: Actual binding is of type [org.slf4j.impl.SimpleLoggerFactory]
Oct 26, 2024 10:49:19 PM org.openqa.selenium.devtools.CdpVersionFinder findNearestMatch
WARNING: Unable to find CDP implementation matching 130
Oct 26, 2024 10:49:19 PM org.openqa.selenium.chromium.ChromiumDriver lambda$new$5
WARNING: Unable to find version of CDP to use for 130.0.6723.70. You may need to include a dependency on a specific version of the CDP using something similar to `org.seleniumhq.selenium:selenium-devtools-v86:4.20.0` where the version ("v86") matches the version of the chromium-based browser you're using and the version number of the artifact is the same as Selenium's.
]]></system-err>
  </testcase>
  <testcase name="verifyLogin" classname="testScripts.TC002_LoginPage" time="3.66">
    <system-out><![CDATA[22:49:29.069 INFO  - windows Closed!.. .
22:49:34.299 INFO  - Browser window maximized
22:49:34.319 INFO  - Implicit wait set to 10 seconds
22:49:35.971 INFO  - Navigated to URL: https://tutorialsninja.com/demo
22:49:35.975 INFO  - TC002_LoginPage Started!...
22:49:35.976 INFO  - Clicking my account
22:49:36.558 INFO  - clicking login link
22:49:37.523 INFO  - Entering username
22:49:38.279 INFO  - Entering password
22:49:38.590 INFO  - Clicking Login
22:49:39.641 INFO  - TC002_LoginPage Finished!...
]]></system-out>
    <system-err><![CDATA[Oct 26, 2024 10:49:34 PM org.openqa.selenium.devtools.CdpVersionFinder findNearestMatch
WARNING: Unable to find CDP implementation matching 130
Oct 26, 2024 10:49:34 PM org.openqa.selenium.chromium.ChromiumDriver lambda$new$5
WARNING: Unable to find version of CDP to use for 130.0.6723.70. You may need to include a dependency on a specific version of the CDP using something similar to `org.seleniumhq.selenium:selenium-devtools-v86:4.20.0` where the version ("v86") matches the version of the chromium-based browser you're using and the version number of the artifact is the same as Selenium's.
]]></system-err>
  </testcase>
</testsuite>